<?xml version="1.0" encoding="UTF-8"?>
<coverage generated="1615311870891" clover="3.2.0">
  <project timestamp="1615311870892" name="All files">
    <metrics statements="172" coveredstatements="132" conditionals="52" coveredconditionals="30" methods="34" coveredmethods="26" elements="258" coveredelements="188" complexity="0" loc="172" ncloc="172" packages="5" files="13" classes="13"/>
    <package name="api">
      <metrics statements="34" coveredstatements="20" conditionals="8" coveredconditionals="2" methods="4" coveredmethods="0"/>
      <file name="app.js" path="/Users/trevormoore/dev/react-personal-website/api/app.js">
        <metrics statements="33" coveredstatements="19" conditionals="8" coveredconditionals="2" methods="4" coveredmethods="0"/>
        <line num="18" count="4" type="stmt"/>
        <line num="21" count="4" type="cond" truecount="1" falsecount="1"/>
        <line num="22" count="0" type="stmt"/>
        <line num="23" count="0" type="stmt"/>
        <line num="24" count="0" type="stmt"/>
        <line num="26" count="0" type="stmt"/>
        <line num="27" count="0" type="stmt"/>
        <line num="29" count="0" type="stmt"/>
        <line num="33" count="4" type="stmt"/>
        <line num="36" count="4" type="stmt"/>
        <line num="40" count="4" type="stmt"/>
        <line num="41" count="4" type="stmt"/>
        <line num="42" count="4" type="stmt"/>
        <line num="43" count="4" type="stmt"/>
        <line num="44" count="4" type="stmt"/>
        <line num="45" count="4" type="stmt"/>
        <line num="47" count="4" type="stmt"/>
        <line num="49" count="4" type="stmt"/>
        <line num="50" count="4" type="stmt"/>
        <line num="51" count="4" type="stmt"/>
        <line num="52" count="4" type="stmt"/>
        <line num="53" count="4" type="stmt"/>
        <line num="55" count="4" type="cond" truecount="1" falsecount="1"/>
        <line num="56" count="0" type="stmt"/>
        <line num="57" count="0" type="stmt"/>
        <line num="65" count="4" type="stmt"/>
        <line num="66" count="0" type="stmt"/>
        <line num="71" count="4" type="stmt"/>
        <line num="73" count="0" type="stmt"/>
        <line num="74" count="0" type="cond" truecount="0" falsecount="2"/>
        <line num="76" count="0" type="stmt"/>
        <line num="78" count="0" type="cond" truecount="0" falsecount="2"/>
        <line num="79" count="0" type="stmt"/>
      </file>
      <file name="dirname.cjs" path="/Users/trevormoore/dev/react-personal-website/api/dirname.cjs">
        <metrics statements="1" coveredstatements="1" conditionals="0" coveredconditionals="0" methods="0" coveredmethods="0"/>
        <line num="1" count="4" type="stmt"/>
      </file>
    </package>
    <package name="api.middleware">
      <metrics statements="13" coveredstatements="8" conditionals="6" coveredconditionals="3" methods="3" coveredmethods="2"/>
      <file name="approvedUser.js" path="/Users/trevormoore/dev/react-personal-website/api/middleware/approvedUser.js">
        <metrics statements="3" coveredstatements="0" conditionals="2" coveredconditionals="0" methods="1" coveredmethods="0"/>
        <line num="2" count="0" type="cond" truecount="0" falsecount="2"/>
        <line num="3" count="0" type="stmt"/>
        <line num="5" count="0" type="stmt"/>
      </file>
      <file name="jwtCheck.js" path="/Users/trevormoore/dev/react-personal-website/api/middleware/jwtCheck.js">
        <metrics statements="10" coveredstatements="8" conditionals="4" coveredconditionals="3" methods="2" coveredmethods="2"/>
        <line num="3" count="3" type="stmt"/>
        <line num="4" count="1" type="cond" truecount="3" falsecount="1"/>
        <line num="5" count="1" type="stmt"/>
        <line num="7" count="0" type="stmt"/>
        <line num="11" count="1" type="stmt"/>
        <line num="12" count="1" type="stmt"/>
        <line num="13" count="1" type="stmt"/>
        <line num="14" count="1" type="stmt"/>
        <line num="16" count="0" type="stmt"/>
        <line num="19" count="1" type="stmt"/>
      </file>
    </package>
    <package name="api.model">
      <metrics statements="25" coveredstatements="23" conditionals="6" coveredconditionals="4" methods="4" coveredmethods="4"/>
      <file name="mealPlan.js" path="/Users/trevormoore/dev/react-personal-website/api/model/mealPlan.js">
        <metrics statements="4" coveredstatements="4" conditionals="0" coveredconditionals="0" methods="1" coveredmethods="1"/>
        <line num="3" count="5" type="stmt"/>
        <line num="6" count="9" type="stmt"/>
        <line num="9" count="5" type="stmt"/>
        <line num="20" count="5" type="stmt"/>
      </file>
      <file name="position.js" path="/Users/trevormoore/dev/react-personal-website/api/model/position.js">
        <metrics statements="12" coveredstatements="10" conditionals="6" coveredconditionals="4" methods="3" coveredmethods="3"/>
        <line num="3" count="2" type="stmt"/>
        <line num="6" count="28" type="stmt"/>
        <line num="10" count="14" type="cond" truecount="2" falsecount="0"/>
        <line num="11" count="7" type="cond" truecount="1" falsecount="1"/>
        <line num="12" count="0" type="stmt"/>
        <line num="13" count="7" type="cond" truecount="1" falsecount="1"/>
        <line num="14" count="0" type="stmt"/>
        <line num="16" count="7" type="stmt"/>
        <line num="18" count="7" type="stmt"/>
        <line num="21" count="2" type="stmt"/>
        <line num="71" count="14" type="stmt"/>
        <line num="77" count="2" type="stmt"/>
      </file>
      <file name="powerlifting.js" path="/Users/trevormoore/dev/react-personal-website/api/model/powerlifting.js">
        <metrics statements="3" coveredstatements="3" conditionals="0" coveredconditionals="0" methods="0" coveredmethods="0"/>
        <line num="3" count="4" type="stmt"/>
        <line num="5" count="4" type="stmt"/>
        <line num="9" count="4" type="stmt"/>
      </file>
      <file name="recipe.js" path="/Users/trevormoore/dev/react-personal-website/api/model/recipe.js">
        <metrics statements="3" coveredstatements="3" conditionals="0" coveredconditionals="0" methods="0" coveredmethods="0"/>
        <line num="3" count="5" type="stmt"/>
        <line num="5" count="5" type="stmt"/>
        <line num="18" count="5" type="stmt"/>
      </file>
      <file name="user.js" path="/Users/trevormoore/dev/react-personal-website/api/model/user.js">
        <metrics statements="3" coveredstatements="3" conditionals="0" coveredconditionals="0" methods="0" coveredmethods="0"/>
        <line num="3" count="4" type="stmt"/>
        <line num="5" count="4" type="stmt"/>
        <line num="16" count="4" type="stmt"/>
      </file>
    </package>
    <package name="api.routes">
      <metrics statements="64" coveredstatements="47" conditionals="16" coveredconditionals="7" methods="15" coveredmethods="12"/>
      <file name="auth.js" path="/Users/trevormoore/dev/react-personal-website/api/routes/auth.js">
        <metrics statements="24" coveredstatements="8" conditionals="4" coveredconditionals="0" methods="3" coveredmethods="1"/>
        <line num="8" count="4" type="stmt"/>
        <line num="10" count="4" type="stmt"/>
        <line num="11" count="0" type="stmt"/>
        <line num="18" count="0" type="stmt"/>
        <line num="19" count="0" type="stmt"/>
        <line num="21" count="0" type="stmt"/>
        <line num="24" count="4" type="stmt"/>
        <line num="25" count="1" type="stmt"/>
        <line num="27" count="1" type="stmt"/>
        <line num="34" count="1" type="stmt"/>
        <line num="35" count="1" type="stmt"/>
        <line num="41" count="4" type="stmt"/>
        <line num="42" count="0" type="stmt"/>
        <line num="43" count="0" type="stmt"/>
        <line num="44" count="0" type="cond" truecount="0" falsecount="2"/>
        <line num="45" count="0" type="stmt"/>
        <line num="46" count="0" type="stmt"/>
        <line num="49" count="0" type="stmt"/>
        <line num="50" count="0" type="cond" truecount="0" falsecount="2"/>
        <line num="51" count="0" type="stmt"/>
        <line num="52" count="0" type="stmt"/>
        <line num="55" count="0" type="stmt"/>
        <line num="56" count="0" type="stmt"/>
        <line num="63" count="0" type="stmt"/>
      </file>
      <file name="index.js" path="/Users/trevormoore/dev/react-personal-website/api/routes/index.js">
        <metrics statements="3" coveredstatements="2" conditionals="0" coveredconditionals="0" methods="1" coveredmethods="0"/>
        <line num="12" count="4" type="stmt"/>
        <line num="15" count="4" type="stmt"/>
        <line num="16" count="0" type="stmt"/>
      </file>
      <file name="restfulRouter.js" path="/Users/trevormoore/dev/react-personal-website/api/routes/restfulRouter.js">
        <metrics statements="37" coveredstatements="37" conditionals="12" coveredconditionals="7" methods="11" coveredmethods="11"/>
        <line num="7" count="12" type="stmt"/>
        <line num="12" count="12" type="stmt"/>
        <line num="13" count="2" type="stmt"/>
        <line num="14" count="2" type="cond" truecount="1" falsecount="1"/>
        <line num="15" count="2" type="stmt"/>
        <line num="16" count="2" type="stmt"/>
        <line num="17" count="2" type="stmt"/>
        <line num="21" count="12" type="stmt"/>
        <line num="22" count="10" type="stmt"/>
        <line num="23" count="10" type="stmt"/>
        <line num="24" count="10" type="cond" truecount="1" falsecount="1"/>
        <line num="25" count="10" type="stmt"/>
        <line num="26" count="10" type="cond" truecount="2" falsecount="0"/>
        <line num="27" count="2" type="stmt"/>
        <line num="28" count="2" type="stmt"/>
        <line num="30" count="8" type="stmt"/>
        <line num="31" count="8" type="stmt"/>
        <line num="35" count="12" type="stmt"/>
        <line num="36" count="2" type="stmt"/>
        <line num="37" count="2" type="stmt"/>
        <line num="38" count="2" type="stmt"/>
        <line num="39" count="2" type="cond" truecount="1" falsecount="1"/>
        <line num="41" count="2" type="stmt"/>
        <line num="42" count="2" type="stmt"/>
        <line num="43" count="2" type="stmt"/>
        <line num="47" count="12" type="stmt"/>
        <line num="48" count="2" type="stmt"/>
        <line num="49" count="2" type="stmt"/>
        <line num="50" count="2" type="cond" truecount="1" falsecount="1"/>
        <line num="51" count="2" type="stmt"/>
        <line num="52" count="2" type="stmt"/>
        <line num="56" count="12" type="stmt"/>
        <line num="57" count="2" type="stmt"/>
        <line num="58" count="2" type="cond" truecount="1" falsecount="1"/>
        <line num="59" count="2" type="stmt"/>
        <line num="60" count="2" type="stmt"/>
        <line num="64" count="12" type="stmt"/>
      </file>
    </package>
    <package name="api.routes.td_api_helpers">
      <metrics statements="36" coveredstatements="34" conditionals="16" coveredconditionals="14" methods="8" coveredmethods="8"/>
      <file name="startPositions.js" path="/Users/trevormoore/dev/react-personal-website/api/routes/td_api_helpers/startPositions.js">
        <metrics statements="36" coveredstatements="34" conditionals="16" coveredconditionals="14" methods="8" coveredmethods="8"/>
        <line num="6" count="29" type="stmt"/>
        <line num="10" count="4" type="cond" truecount="2" falsecount="0"/>
        <line num="11" count="3" type="stmt"/>
        <line num="12" count="3" type="stmt"/>
        <line num="13" count="3" type="stmt"/>
        <line num="14" count="3" type="stmt"/>
        <line num="15" count="3" type="stmt"/>
        <line num="16" count="3" type="stmt"/>
        <line num="18" count="1" type="stmt"/>
        <line num="22" count="4" type="cond" truecount="1" falsecount="1"/>
        <line num="23" count="4" type="stmt"/>
        <line num="24" count="4" type="stmt"/>
        <line num="25" count="4" type="cond" truecount="2" falsecount="0"/>
        <line num="26" count="1" type="stmt"/>
        <line num="28" count="0" type="stmt"/>
        <line num="32" count="10" type="cond" truecount="2" falsecount="0"/>
        <line num="33" count="6" type="stmt"/>
        <line num="34" count="6" type="stmt"/>
        <line num="36" count="4" type="stmt"/>
        <line num="40" count="4" type="cond" truecount="1" falsecount="1"/>
        <line num="41" count="4" type="stmt"/>
        <line num="42" count="4" type="stmt"/>
        <line num="44" count="0" type="stmt"/>
        <line num="48" count="1" type="stmt"/>
        <line num="49" count="1" type="stmt"/>
        <line num="51" count="1" type="stmt"/>
        <line num="52" count="1" type="stmt"/>
        <line num="53" count="4" type="stmt"/>
        <line num="55" count="4" type="stmt"/>
        <line num="56" count="7" type="stmt"/>
        <line num="62" count="7" type="stmt"/>
        <line num="63" count="7" type="cond" truecount="4" falsecount="0"/>
        <line num="65" count="5" type="cond" truecount="2" falsecount="0"/>
        <line num="66" count="2" type="stmt"/>
        <line num="79" count="3" type="stmt"/>
        <line num="89" count="5" type="stmt"/>
      </file>
    </package>
  </project>
</coverage>
