{"/Users/trevormoore/dev/react-personal-website/api/app.js": {"path":"/Users/trevormoore/dev/react-personal-website/api/app.js","statementMap":{"0":{"start":{"line":18,"column":0},"end":{"line":18,"column":47}},"1":{"start":{"line":21,"column":0},"end":{"line":31,"column":1}},"2":{"start":{"line":22,"column":14},"end":{"line":22,"column":158}},"3":{"start":{"line":23,"column":2},"end":{"line":23,"column":77}},"4":{"start":{"line":24,"column":13},"end":{"line":24,"column":32}},"5":{"start":{"line":26,"column":2},"end":{"line":26,"column":67}},"6":{"start":{"line":27,"column":2},"end":{"line":30,"column":5}},"7":{"start":{"line":29,"column":4},"end":{"line":29,"column":46}},"8":{"start":{"line":33,"column":18},"end":{"line":33,"column":40}},"9":{"start":{"line":36,"column":12},"end":{"line":36,"column":21}},"10":{"start":{"line":40,"column":0},"end":{"line":40,"column":31}},"11":{"start":{"line":41,"column":0},"end":{"line":41,"column":23}},"12":{"start":{"line":42,"column":0},"end":{"line":42,"column":24}},"13":{"start":{"line":43,"column":0},"end":{"line":43,"column":49}},"14":{"start":{"line":44,"column":0},"end":{"line":44,"column":24}},"15":{"start":{"line":45,"column":0},"end":{"line":45,"column":37}},"16":{"start":{"line":47,"column":0},"end":{"line":47,"column":67}},"17":{"start":{"line":49,"column":0},"end":{"line":49,"column":26}},"18":{"start":{"line":50,"column":0},"end":{"line":50,"column":47}},"19":{"start":{"line":51,"column":0},"end":{"line":51,"column":58}},"20":{"start":{"line":52,"column":0},"end":{"line":52,"column":50}},"21":{"start":{"line":53,"column":0},"end":{"line":53,"column":33}},"22":{"start":{"line":55,"column":0},"end":{"line":59,"column":1}},"23":{"start":{"line":56,"column":2},"end":{"line":58,"column":5}},"24":{"start":{"line":57,"column":4},"end":{"line":57,"column":74}},"25":{"start":{"line":65,"column":0},"end":{"line":67,"column":3}},"26":{"start":{"line":66,"column":2},"end":{"line":66,"column":25}},"27":{"start":{"line":71,"column":0},"end":{"line":80,"column":3}},"28":{"start":{"line":73,"column":2},"end":{"line":73,"column":35}},"29":{"start":{"line":74,"column":2},"end":{"line":74,"column":69}},"30":{"start":{"line":76,"column":2},"end":{"line":76,"column":27}},"31":{"start":{"line":78,"column":2},"end":{"line":78,"column":32}},"32":{"start":{"line":79,"column":2},"end":{"line":79,"column":22}}},"fnMap":{"0":{"name":"(anonymous_0)","decl":{"start":{"line":27,"column":18},"end":{"line":27,"column":19}},"loc":{"start":{"line":27,"column":24},"end":{"line":30,"column":3}},"line":27},"1":{"name":"(anonymous_1)","decl":{"start":{"line":56,"column":16},"end":{"line":56,"column":17}},"loc":{"start":{"line":56,"column":30},"end":{"line":58,"column":3}},"line":56},"2":{"name":"(anonymous_2)","decl":{"start":{"line":65,"column":8},"end":{"line":65,"column":9}},"loc":{"start":{"line":65,"column":28},"end":{"line":67,"column":1}},"line":65},"3":{"name":"(anonymous_3)","decl":{"start":{"line":71,"column":8},"end":{"line":71,"column":9}},"loc":{"start":{"line":71,"column":33},"end":{"line":80,"column":1}},"line":71}},"branchMap":{"0":{"loc":{"start":{"line":21,"column":0},"end":{"line":31,"column":1}},"type":"if","locations":[{"start":{"line":21,"column":0},"end":{"line":31,"column":1}},{"start":{"line":21,"column":0},"end":{"line":31,"column":1}}],"line":21},"1":{"loc":{"start":{"line":55,"column":0},"end":{"line":59,"column":1}},"type":"if","locations":[{"start":{"line":55,"column":0},"end":{"line":59,"column":1}},{"start":{"line":55,"column":0},"end":{"line":59,"column":1}}],"line":55},"2":{"loc":{"start":{"line":74,"column":21},"end":{"line":74,"column":68}},"type":"cond-expr","locations":[{"start":{"line":74,"column":60},"end":{"line":74,"column":63}},{"start":{"line":74,"column":66},"end":{"line":74,"column":68}}],"line":74},"3":{"loc":{"start":{"line":78,"column":13},"end":{"line":78,"column":30}},"type":"binary-expr","locations":[{"start":{"line":78,"column":13},"end":{"line":78,"column":23}},{"start":{"line":78,"column":27},"end":{"line":78,"column":30}}],"line":78}},"s":{"0":4,"1":4,"2":0,"3":0,"4":0,"5":0,"6":0,"7":0,"8":4,"9":4,"10":4,"11":4,"12":4,"13":4,"14":4,"15":4,"16":4,"17":4,"18":4,"19":4,"20":4,"21":4,"22":4,"23":0,"24":0,"25":4,"26":0,"27":4,"28":0,"29":0,"30":0,"31":0,"32":0},"f":{"0":0,"1":0,"2":0,"3":0},"b":{"0":[0,4],"1":[0,4],"2":[0,0],"3":[0,0]},"_coverageSchema":"1a1c01bbd47fc00a2c39e90264f33305004495a9","hash":"73ab059e915794c63d6a279216191c05974f5ef6"}
,"/Users/trevormoore/dev/react-personal-website/api/dirname.cjs": {"path":"/Users/trevormoore/dev/react-personal-website/api/dirname.cjs","statementMap":{"0":{"start":{"line":1,"column":0},"end":{"line":1,"column":27}}},"fnMap":{},"branchMap":{},"s":{"0":4},"f":{},"b":{},"inputSourceMap":null,"_coverageSchema":"1a1c01bbd47fc00a2c39e90264f33305004495a9","hash":"23d906c8734e4c6465384cd7016fd8792f369dd2"}
,"/Users/trevormoore/dev/react-personal-website/api/middleware/approvedUser.js": {"path":"/Users/trevormoore/dev/react-personal-website/api/middleware/approvedUser.js","statementMap":{"0":{"start":{"line":2,"column":2},"end":{"line":4,"column":3}},"1":{"start":{"line":3,"column":4},"end":{"line":3,"column":45}},"2":{"start":{"line":5,"column":2},"end":{"line":5,"column":9}}},"fnMap":{"0":{"name":"(anonymous_0)","decl":{"start":{"line":1,"column":15},"end":{"line":1,"column":16}},"loc":{"start":{"line":1,"column":35},"end":{"line":6,"column":1}},"line":1}},"branchMap":{"0":{"loc":{"start":{"line":2,"column":2},"end":{"line":4,"column":3}},"type":"if","locations":[{"start":{"line":2,"column":2},"end":{"line":4,"column":3}},{"start":{"line":2,"column":2},"end":{"line":4,"column":3}}],"line":2}},"s":{"0":0,"1":0,"2":0},"f":{"0":0},"b":{"0":[0,0]},"_coverageSchema":"1a1c01bbd47fc00a2c39e90264f33305004495a9","hash":"3a4f84b39e9af34419e8af5fdc7a7bbfa0d44703"}
,"/Users/trevormoore/dev/react-personal-website/api/middleware/jwtCheck.js": {"path":"/Users/trevormoore/dev/react-personal-website/api/middleware/jwtCheck.js","statementMap":{"0":{"start":{"line":3,"column":27},"end":{"line":8,"column":1}},"1":{"start":{"line":4,"column":2},"end":{"line":6,"column":3}},"2":{"start":{"line":5,"column":4},"end":{"line":5,"column":51}},"3":{"start":{"line":7,"column":2},"end":{"line":7,"column":11}},"4":{"start":{"line":11,"column":16},"end":{"line":11,"column":39}},"5":{"start":{"line":12,"column":2},"end":{"line":17,"column":3}},"6":{"start":{"line":13,"column":23},"end":{"line":13,"column":63}},"7":{"start":{"line":14,"column":4},"end":{"line":14,"column":32}},"8":{"start":{"line":16,"column":4},"end":{"line":16,"column":39}},"9":{"start":{"line":19,"column":2},"end":{"line":19,"column":16}}},"fnMap":{"0":{"name":"(anonymous_0)","decl":{"start":{"line":3,"column":27},"end":{"line":3,"column":28}},"loc":{"start":{"line":3,"column":36},"end":{"line":8,"column":1}},"line":3},"1":{"name":"(anonymous_1)","decl":{"start":{"line":10,"column":15},"end":{"line":10,"column":16}},"loc":{"start":{"line":10,"column":35},"end":{"line":20,"column":1}},"line":10}},"branchMap":{"0":{"loc":{"start":{"line":4,"column":2},"end":{"line":6,"column":3}},"type":"if","locations":[{"start":{"line":4,"column":2},"end":{"line":6,"column":3}},{"start":{"line":4,"column":2},"end":{"line":6,"column":3}}],"line":4},"1":{"loc":{"start":{"line":4,"column":6},"end":{"line":4,"column":87}},"type":"binary-expr","locations":[{"start":{"line":4,"column":6},"end":{"line":4,"column":31}},{"start":{"line":4,"column":35},"end":{"line":4,"column":87}}],"line":4}},"s":{"0":3,"1":1,"2":1,"3":0,"4":1,"5":1,"6":1,"7":1,"8":0,"9":1},"f":{"0":1,"1":1},"b":{"0":[1,0],"1":[1,1]},"_coverageSchema":"1a1c01bbd47fc00a2c39e90264f33305004495a9","hash":"e204176522d9c5727887e3b70d87fbb435530e77"}
,"/Users/trevormoore/dev/react-personal-website/api/model/mealPlan.js": {"path":"/Users/trevormoore/dev/react-personal-website/api/model/mealPlan.js","statementMap":{"0":{"start":{"line":3,"column":19},"end":{"line":3,"column":27}},"1":{"start":{"line":6,"column":2},"end":{"line":6,"column":40}},"2":{"start":{"line":9,"column":23},"end":{"line":18,"column":2}},"3":{"start":{"line":20,"column":15},"end":{"line":20,"column":57}}},"fnMap":{"0":{"name":"mealPlanValidator","decl":{"start":{"line":5,"column":9},"end":{"line":5,"column":26}},"loc":{"start":{"line":5,"column":34},"end":{"line":7,"column":1}},"line":5}},"branchMap":{},"s":{"0":5,"1":9,"2":5,"3":5},"f":{"0":9},"b":{},"_coverageSchema":"1a1c01bbd47fc00a2c39e90264f33305004495a9","hash":"07a03cc99fe30c0cac5c6fb84bd960ef28c3e712"}
,"/Users/trevormoore/dev/react-personal-website/api/model/position.js": {"path":"/Users/trevormoore/dev/react-personal-website/api/model/position.js","statementMap":{"0":{"start":{"line":3,"column":19},"end":{"line":3,"column":27}},"1":{"start":{"line":6,"column":2},"end":{"line":6,"column":21}},"2":{"start":{"line":10,"column":2},"end":{"line":17,"column":3}},"3":{"start":{"line":11,"column":4},"end":{"line":13,"column":5}},"4":{"start":{"line":12,"column":6},"end":{"line":12,"column":18}},"5":{"start":{"line":13,"column":6},"end":{"line":15,"column":5}},"6":{"start":{"line":14,"column":6},"end":{"line":14,"column":18}},"7":{"start":{"line":16,"column":4},"end":{"line":16,"column":17}},"8":{"start":{"line":18,"column":2},"end":{"line":18,"column":15}},"9":{"start":{"line":21,"column":23},"end":{"line":75,"column":2}},"10":{"start":{"line":71,"column":30},"end":{"line":71,"column":48}},"11":{"start":{"line":77,"column":17},"end":{"line":77,"column":59}}},"fnMap":{"0":{"name":"optionDataRequired","decl":{"start":{"line":5,"column":9},"end":{"line":5,"column":27}},"loc":{"start":{"line":5,"column":30},"end":{"line":7,"column":1}},"line":5},"1":{"name":"callPutValidation","decl":{"start":{"line":9,"column":9},"end":{"line":9,"column":26}},"loc":{"start":{"line":9,"column":34},"end":{"line":19,"column":1}},"line":9},"2":{"name":"validation","decl":{"start":{"line":71,"column":15},"end":{"line":71,"column":25}},"loc":{"start":{"line":71,"column":28},"end":{"line":71,"column":50}},"line":71}},"branchMap":{"0":{"loc":{"start":{"line":10,"column":2},"end":{"line":17,"column":3}},"type":"if","locations":[{"start":{"line":10,"column":2},"end":{"line":17,"column":3}},{"start":{"line":10,"column":2},"end":{"line":17,"column":3}}],"line":10},"1":{"loc":{"start":{"line":11,"column":4},"end":{"line":13,"column":5}},"type":"if","locations":[{"start":{"line":11,"column":4},"end":{"line":13,"column":5}},{"start":{"line":11,"column":4},"end":{"line":13,"column":5}}],"line":11},"2":{"loc":{"start":{"line":13,"column":6},"end":{"line":15,"column":5}},"type":"if","locations":[{"start":{"line":13,"column":6},"end":{"line":15,"column":5}},{"start":{"line":13,"column":6},"end":{"line":15,"column":5}}],"line":13}},"s":{"0":2,"1":28,"2":14,"3":7,"4":0,"5":7,"6":0,"7":7,"8":7,"9":2,"10":14,"11":2},"f":{"0":28,"1":14,"2":14},"b":{"0":[7,7],"1":[0,7],"2":[0,7]},"_coverageSchema":"1a1c01bbd47fc00a2c39e90264f33305004495a9","hash":"2a0f3bff14f8caf728073313305cf287aaccaccf"}
,"/Users/trevormoore/dev/react-personal-website/api/model/powerlifting.js": {"path":"/Users/trevormoore/dev/react-personal-website/api/model/powerlifting.js","statementMap":{"0":{"start":{"line":3,"column":19},"end":{"line":3,"column":27}},"1":{"start":{"line":5,"column":27},"end":{"line":7,"column":2}},"2":{"start":{"line":9,"column":21},"end":{"line":9,"column":71}}},"fnMap":{},"branchMap":{},"s":{"0":4,"1":4,"2":4},"f":{},"b":{},"_coverageSchema":"1a1c01bbd47fc00a2c39e90264f33305004495a9","hash":"3c819dc3888e740749d087180b393149af2cef87"}
,"/Users/trevormoore/dev/react-personal-website/api/model/recipe.js": {"path":"/Users/trevormoore/dev/react-personal-website/api/model/recipe.js","statementMap":{"0":{"start":{"line":3,"column":19},"end":{"line":3,"column":27}},"1":{"start":{"line":5,"column":21},"end":{"line":16,"column":2}},"2":{"start":{"line":18,"column":15},"end":{"line":18,"column":53}}},"fnMap":{},"branchMap":{},"s":{"0":5,"1":5,"2":5},"f":{},"b":{},"_coverageSchema":"1a1c01bbd47fc00a2c39e90264f33305004495a9","hash":"bf6251e0e1acfdf1e15c0d8648c63d85a20c8bc3"}
,"/Users/trevormoore/dev/react-personal-website/api/model/user.js": {"path":"/Users/trevormoore/dev/react-personal-website/api/model/user.js","statementMap":{"0":{"start":{"line":3,"column":19},"end":{"line":3,"column":27}},"1":{"start":{"line":5,"column":19},"end":{"line":14,"column":2}},"2":{"start":{"line":16,"column":13},"end":{"line":16,"column":47}}},"fnMap":{},"branchMap":{},"s":{"0":4,"1":4,"2":4},"f":{},"b":{},"_coverageSchema":"1a1c01bbd47fc00a2c39e90264f33305004495a9","hash":"2b2c230e400fc07a500f85e7f3d611375ac40ecf"}
,"/Users/trevormoore/dev/react-personal-website/api/routes/auth.js": {"path":"/Users/trevormoore/dev/react-personal-website/api/routes/auth.js","statementMap":{"0":{"start":{"line":8,"column":15},"end":{"line":8,"column":31}},"1":{"start":{"line":10,"column":20},"end":{"line":22,"column":1}},"2":{"start":{"line":11,"column":15},"end":{"line":17,"column":3}},"3":{"start":{"line":18,"column":20},"end":{"line":18,"column":41}},"4":{"start":{"line":19,"column":21},"end":{"line":19,"column":25}},"5":{"start":{"line":21,"column":2},"end":{"line":21,"column":66}},"6":{"start":{"line":24,"column":0},"end":{"line":39,"column":3}},"7":{"start":{"line":25,"column":25},"end":{"line":25,"column":61}},"8":{"start":{"line":27,"column":21},"end":{"line":32,"column":4}},"9":{"start":{"line":34,"column":2},"end":{"line":34,"column":52}},"10":{"start":{"line":35,"column":2},"end":{"line":38,"column":6}},"11":{"start":{"line":41,"column":0},"end":{"line":64,"column":3}},"12":{"start":{"line":42,"column":2},"end":{"line":42,"column":52}},"13":{"start":{"line":43,"column":21},"end":{"line":43,"column":72}},"14":{"start":{"line":44,"column":2},"end":{"line":47,"column":3}},"15":{"start":{"line":45,"column":4},"end":{"line":45,"column":96}},"16":{"start":{"line":46,"column":4},"end":{"line":46,"column":13}},"17":{"start":{"line":49,"column":26},"end":{"line":49,"column":85}},"18":{"start":{"line":50,"column":2},"end":{"line":53,"column":3}},"19":{"start":{"line":51,"column":4},"end":{"line":51,"column":100}},"20":{"start":{"line":52,"column":4},"end":{"line":52,"column":13}},"21":{"start":{"line":55,"column":16},"end":{"line":55,"column":39}},"22":{"start":{"line":56,"column":2},"end":{"line":62,"column":6}},"23":{"start":{"line":63,"column":2},"end":{"line":63,"column":11}}},"fnMap":{"0":{"name":"(anonymous_0)","decl":{"start":{"line":10,"column":20},"end":{"line":10,"column":21}},"loc":{"start":{"line":10,"column":30},"end":{"line":22,"column":1}},"line":10},"1":{"name":"(anonymous_1)","decl":{"start":{"line":24,"column":23},"end":{"line":24,"column":24}},"loc":{"start":{"line":24,"column":43},"end":{"line":39,"column":1}},"line":24},"2":{"name":"(anonymous_2)","decl":{"start":{"line":41,"column":22},"end":{"line":41,"column":23}},"loc":{"start":{"line":41,"column":42},"end":{"line":64,"column":1}},"line":41}},"branchMap":{"0":{"loc":{"start":{"line":44,"column":2},"end":{"line":47,"column":3}},"type":"if","locations":[{"start":{"line":44,"column":2},"end":{"line":47,"column":3}},{"start":{"line":44,"column":2},"end":{"line":47,"column":3}}],"line":44},"1":{"loc":{"start":{"line":50,"column":2},"end":{"line":53,"column":3}},"type":"if","locations":[{"start":{"line":50,"column":2},"end":{"line":53,"column":3}},{"start":{"line":50,"column":2},"end":{"line":53,"column":3}}],"line":50}},"s":{"0":4,"1":4,"2":0,"3":0,"4":0,"5":0,"6":4,"7":1,"8":1,"9":1,"10":1,"11":4,"12":0,"13":0,"14":0,"15":0,"16":0,"17":0,"18":0,"19":0,"20":0,"21":0,"22":0,"23":0},"f":{"0":0,"1":1,"2":0},"b":{"0":[0,0],"1":[0,0]},"_coverageSchema":"1a1c01bbd47fc00a2c39e90264f33305004495a9","hash":"87ebca114a22d3eb9293784f2e3b7d0ced522cde"}
,"/Users/trevormoore/dev/react-personal-website/api/routes/index.js": {"path":"/Users/trevormoore/dev/react-personal-website/api/routes/index.js","statementMap":{"0":{"start":{"line":12,"column":15},"end":{"line":12,"column":31}},"1":{"start":{"line":15,"column":0},"end":{"line":17,"column":3}},"2":{"start":{"line":16,"column":2},"end":{"line":16,"column":53}}},"fnMap":{"0":{"name":"(anonymous_0)","decl":{"start":{"line":15,"column":16},"end":{"line":15,"column":17}},"loc":{"start":{"line":15,"column":22},"end":{"line":17,"column":1}},"line":15}},"branchMap":{},"s":{"0":4,"1":4,"2":0},"f":{"0":0},"b":{},"_coverageSchema":"1a1c01bbd47fc00a2c39e90264f33305004495a9","hash":"41e243a8bfd68d12729c3ff2248a77629b697090"}
,"/Users/trevormoore/dev/react-personal-website/api/routes/restfulRouter.js": {"path":"/Users/trevormoore/dev/react-personal-website/api/routes/restfulRouter.js","statementMap":{"0":{"start":{"line":7,"column":17},"end":{"line":7,"column":33}},"1":{"start":{"line":12,"column":2},"end":{"line":19,"column":5}},"2":{"start":{"line":13,"column":4},"end":{"line":18,"column":7}},"3":{"start":{"line":14,"column":6},"end":{"line":14,"column":38}},"4":{"start":{"line":14,"column":15},"end":{"line":14,"column":38}},"5":{"start":{"line":15,"column":27},"end":{"line":15,"column":51}},"6":{"start":{"line":16,"column":6},"end":{"line":16,"column":29}},"7":{"start":{"line":17,"column":6},"end":{"line":17,"column":15}},"8":{"start":{"line":21,"column":2},"end":{"line":33,"column":5}},"9":{"start":{"line":22,"column":18},"end":{"line":22,"column":43}},"10":{"start":{"line":23,"column":4},"end":{"line":32,"column":7}},"11":{"start":{"line":24,"column":6},"end":{"line":24,"column":38}},"12":{"start":{"line":24,"column":15},"end":{"line":24,"column":38}},"13":{"start":{"line":25,"column":27},"end":{"line":25,"column":51}},"14":{"start":{"line":26,"column":6},"end":{"line":29,"column":7}},"15":{"start":{"line":27,"column":8},"end":{"line":27,"column":28}},"16":{"start":{"line":28,"column":8},"end":{"line":28,"column":17}},"17":{"start":{"line":30,"column":6},"end":{"line":30,"column":28}},"18":{"start":{"line":31,"column":6},"end":{"line":31,"column":15}},"19":{"start":{"line":35,"column":2},"end":{"line":45,"column":5}},"20":{"start":{"line":36,"column":22},"end":{"line":36,"column":30}},"21":{"start":{"line":37,"column":4},"end":{"line":37,"column":46}},"22":{"start":{"line":38,"column":4},"end":{"line":44,"column":7}},"23":{"start":{"line":39,"column":6},"end":{"line":39,"column":39}},"24":{"start":{"line":39,"column":15},"end":{"line":39,"column":39}},"25":{"start":{"line":41,"column":6},"end":{"line":41,"column":56}},"26":{"start":{"line":42,"column":6},"end":{"line":42,"column":40}},"27":{"start":{"line":43,"column":6},"end":{"line":43,"column":15}},"28":{"start":{"line":47,"column":2},"end":{"line":54,"column":5}},"29":{"start":{"line":48,"column":25},"end":{"line":48,"column":33}},"30":{"start":{"line":49,"column":4},"end":{"line":53,"column":7}},"31":{"start":{"line":50,"column":6},"end":{"line":50,"column":39}},"32":{"start":{"line":50,"column":15},"end":{"line":50,"column":39}},"33":{"start":{"line":51,"column":6},"end":{"line":51,"column":35}},"34":{"start":{"line":52,"column":6},"end":{"line":52,"column":15}},"35":{"start":{"line":56,"column":2},"end":{"line":62,"column":5}},"36":{"start":{"line":57,"column":4},"end":{"line":61,"column":7}},"37":{"start":{"line":58,"column":6},"end":{"line":58,"column":38}},"38":{"start":{"line":58,"column":15},"end":{"line":58,"column":38}},"39":{"start":{"line":59,"column":6},"end":{"line":59,"column":37}},"40":{"start":{"line":60,"column":6},"end":{"line":60,"column":15}},"41":{"start":{"line":64,"column":2},"end":{"line":64,"column":16}}},"fnMap":{"0":{"name":"restfulRouter","decl":{"start":{"line":6,"column":24},"end":{"line":6,"column":37}},"loc":{"start":{"line":6,"column":45},"end":{"line":65,"column":1}},"line":6},"1":{"name":"(anonymous_1)","decl":{"start":{"line":12,"column":18},"end":{"line":12,"column":19}},"loc":{"start":{"line":12,"column":38},"end":{"line":19,"column":3}},"line":12},"2":{"name":"(anonymous_2)","decl":{"start":{"line":13,"column":15},"end":{"line":13,"column":16}},"loc":{"start":{"line":13,"column":34},"end":{"line":18,"column":5}},"line":13},"3":{"name":"(anonymous_3)","decl":{"start":{"line":21,"column":41},"end":{"line":21,"column":42}},"loc":{"start":{"line":21,"column":61},"end":{"line":33,"column":3}},"line":21},"4":{"name":"(anonymous_4)","decl":{"start":{"line":23,"column":34},"end":{"line":23,"column":35}},"loc":{"start":{"line":23,"column":53},"end":{"line":32,"column":5}},"line":23},"5":{"name":"(anonymous_5)","decl":{"start":{"line":35,"column":29},"end":{"line":35,"column":30}},"loc":{"start":{"line":35,"column":49},"end":{"line":45,"column":3}},"line":35},"6":{"name":"(anonymous_6)","decl":{"start":{"line":38,"column":28},"end":{"line":38,"column":29}},"loc":{"start":{"line":38,"column":47},"end":{"line":44,"column":5}},"line":38},"7":{"name":"(anonymous_7)","decl":{"start":{"line":47,"column":31},"end":{"line":47,"column":32}},"loc":{"start":{"line":47,"column":51},"end":{"line":54,"column":3}},"line":47},"8":{"name":"(anonymous_8)","decl":{"start":{"line":49,"column":65},"end":{"line":49,"column":66}},"loc":{"start":{"line":49,"column":79},"end":{"line":53,"column":5}},"line":49},"9":{"name":"(anonymous_9)","decl":{"start":{"line":56,"column":34},"end":{"line":56,"column":35}},"loc":{"start":{"line":56,"column":54},"end":{"line":62,"column":3}},"line":56},"10":{"name":"(anonymous_10)","decl":{"start":{"line":57,"column":44},"end":{"line":57,"column":45}},"loc":{"start":{"line":57,"column":53},"end":{"line":61,"column":5}},"line":57}},"branchMap":{"0":{"loc":{"start":{"line":14,"column":6},"end":{"line":14,"column":38}},"type":"if","locations":[{"start":{"line":14,"column":6},"end":{"line":14,"column":38}},{"start":{"line":14,"column":6},"end":{"line":14,"column":38}}],"line":14},"1":{"loc":{"start":{"line":24,"column":6},"end":{"line":24,"column":38}},"type":"if","locations":[{"start":{"line":24,"column":6},"end":{"line":24,"column":38}},{"start":{"line":24,"column":6},"end":{"line":24,"column":38}}],"line":24},"2":{"loc":{"start":{"line":26,"column":6},"end":{"line":29,"column":7}},"type":"if","locations":[{"start":{"line":26,"column":6},"end":{"line":29,"column":7}},{"start":{"line":26,"column":6},"end":{"line":29,"column":7}}],"line":26},"3":{"loc":{"start":{"line":39,"column":6},"end":{"line":39,"column":39}},"type":"if","locations":[{"start":{"line":39,"column":6},"end":{"line":39,"column":39}},{"start":{"line":39,"column":6},"end":{"line":39,"column":39}}],"line":39},"4":{"loc":{"start":{"line":50,"column":6},"end":{"line":50,"column":39}},"type":"if","locations":[{"start":{"line":50,"column":6},"end":{"line":50,"column":39}},{"start":{"line":50,"column":6},"end":{"line":50,"column":39}}],"line":50},"5":{"loc":{"start":{"line":58,"column":6},"end":{"line":58,"column":38}},"type":"if","locations":[{"start":{"line":58,"column":6},"end":{"line":58,"column":38}},{"start":{"line":58,"column":6},"end":{"line":58,"column":38}}],"line":58}},"s":{"0":12,"1":12,"2":2,"3":2,"4":0,"5":2,"6":2,"7":2,"8":12,"9":10,"10":10,"11":10,"12":0,"13":10,"14":10,"15":2,"16":2,"17":8,"18":8,"19":12,"20":2,"21":2,"22":2,"23":2,"24":0,"25":2,"26":2,"27":2,"28":12,"29":2,"30":2,"31":2,"32":0,"33":2,"34":2,"35":12,"36":2,"37":2,"38":0,"39":2,"40":2,"41":12},"f":{"0":12,"1":2,"2":2,"3":10,"4":10,"5":2,"6":2,"7":2,"8":2,"9":2,"10":2},"b":{"0":[0,2],"1":[0,10],"2":[2,8],"3":[0,2],"4":[0,2],"5":[0,2]},"_coverageSchema":"1a1c01bbd47fc00a2c39e90264f33305004495a9","hash":"491aabd796bb11118d5f4b14f1f61473d80735cf"}
,"/Users/trevormoore/dev/react-personal-website/api/routes/td_api_helpers/startPositions.js": {"path":"/Users/trevormoore/dev/react-personal-website/api/routes/td_api_helpers/startPositions.js","statementMap":{"0":{"start":{"line":6,"column":2},"end":{"line":6,"column":30}},"1":{"start":{"line":10,"column":2},"end":{"line":17,"column":3}},"2":{"start":{"line":11,"column":18},"end":{"line":11,"column":37}},"3":{"start":{"line":12,"column":18},"end":{"line":12,"column":56}},"4":{"start":{"line":13,"column":16},"end":{"line":13,"column":54}},"5":{"start":{"line":14,"column":20},"end":{"line":14,"column":58}},"6":{"start":{"line":15,"column":17},"end":{"line":15,"column":45}},"7":{"start":{"line":16,"column":4},"end":{"line":16,"column":38}},"8":{"start":{"line":18,"column":2},"end":{"line":18,"column":19}},"9":{"start":{"line":22,"column":2},"end":{"line":27,"column":3}},"10":{"start":{"line":23,"column":18},"end":{"line":23,"column":37}},"11":{"start":{"line":24,"column":20},"end":{"line":24,"column":58}},"12":{"start":{"line":25,"column":4},"end":{"line":25,"column":39}},"13":{"start":{"line":25,"column":25},"end":{"line":25,"column":39}},"14":{"start":{"line":26,"column":4},"end":{"line":26,"column":17}},"15":{"start":{"line":28,"column":2},"end":{"line":28,"column":19}},"16":{"start":{"line":32,"column":2},"end":{"line":35,"column":3}},"17":{"start":{"line":33,"column":18},"end":{"line":33,"column":37}},"18":{"start":{"line":34,"column":4},"end":{"line":34,"column":38}},"19":{"start":{"line":36,"column":2},"end":{"line":36,"column":16}},"20":{"start":{"line":40,"column":2},"end":{"line":43,"column":3}},"21":{"start":{"line":41,"column":18},"end":{"line":41,"column":37}},"22":{"start":{"line":42,"column":4},"end":{"line":42,"column":54}},"23":{"start":{"line":44,"column":2},"end":{"line":44,"column":19}},"24":{"start":{"line":48,"column":30},"end":{"line":48,"column":70}},"25":{"start":{"line":49,"column":27},"end":{"line":49,"column":58}},"26":{"start":{"line":51,"column":16},"end":{"line":51,"column":45}},"27":{"start":{"line":52,"column":2},"end":{"line":92,"column":5}},"28":{"start":{"line":53,"column":18},"end":{"line":53,"column":39}},"29":{"start":{"line":55,"column":4},"end":{"line":91,"column":7}},"30":{"start":{"line":56,"column":20},"end":{"line":60,"column":7}},"31":{"start":{"line":62,"column":19},"end":{"line":62,"column":45}},"32":{"start":{"line":63,"column":6},"end":{"line":90,"column":7}},"33":{"start":{"line":65,"column":8},"end":{"line":88,"column":9}},"34":{"start":{"line":66,"column":10},"end":{"line":77,"column":12}},"35":{"start":{"line":79,"column":10},"end":{"line":87,"column":12}},"36":{"start":{"line":89,"column":8},"end":{"line":89,"column":29}}},"fnMap":{"0":{"name":"isOptionTicker","decl":{"start":{"line":5,"column":16},"end":{"line":5,"column":30}},"loc":{"start":{"line":5,"column":39},"end":{"line":7,"column":1}},"line":5},"1":{"name":"parseOptionDate","decl":{"start":{"line":9,"column":16},"end":{"line":9,"column":31}},"loc":{"start":{"line":9,"column":40},"end":{"line":19,"column":1}},"line":9},"2":{"name":"parseCallPut","decl":{"start":{"line":21,"column":16},"end":{"line":21,"column":28}},"loc":{"start":{"line":21,"column":37},"end":{"line":29,"column":1}},"line":21},"3":{"name":"parseOptionTicker","decl":{"start":{"line":31,"column":16},"end":{"line":31,"column":33}},"loc":{"start":{"line":31,"column":42},"end":{"line":37,"column":1}},"line":31},"4":{"name":"parseStrikePrice","decl":{"start":{"line":39,"column":16},"end":{"line":39,"column":32}},"loc":{"start":{"line":39,"column":41},"end":{"line":45,"column":1}},"line":39},"5":{"name":"startPositions","decl":{"start":{"line":47,"column":30},"end":{"line":47,"column":44}},"loc":{"start":{"line":47,"column":47},"end":{"line":93,"column":1}},"line":47},"6":{"name":"(anonymous_6)","decl":{"start":{"line":52,"column":18},"end":{"line":52,"column":19}},"loc":{"start":{"line":52,"column":33},"end":{"line":92,"column":3}},"line":52},"7":{"name":"(anonymous_7)","decl":{"start":{"line":55,"column":30},"end":{"line":55,"column":31}},"loc":{"start":{"line":55,"column":50},"end":{"line":91,"column":5}},"line":55}},"branchMap":{"0":{"loc":{"start":{"line":10,"column":2},"end":{"line":17,"column":3}},"type":"if","locations":[{"start":{"line":10,"column":2},"end":{"line":17,"column":3}},{"start":{"line":10,"column":2},"end":{"line":17,"column":3}}],"line":10},"1":{"loc":{"start":{"line":22,"column":2},"end":{"line":27,"column":3}},"type":"if","locations":[{"start":{"line":22,"column":2},"end":{"line":27,"column":3}},{"start":{"line":22,"column":2},"end":{"line":27,"column":3}}],"line":22},"2":{"loc":{"start":{"line":25,"column":4},"end":{"line":25,"column":39}},"type":"if","locations":[{"start":{"line":25,"column":4},"end":{"line":25,"column":39}},{"start":{"line":25,"column":4},"end":{"line":25,"column":39}}],"line":25},"3":{"loc":{"start":{"line":32,"column":2},"end":{"line":35,"column":3}},"type":"if","locations":[{"start":{"line":32,"column":2},"end":{"line":35,"column":3}},{"start":{"line":32,"column":2},"end":{"line":35,"column":3}}],"line":32},"4":{"loc":{"start":{"line":40,"column":2},"end":{"line":43,"column":3}},"type":"if","locations":[{"start":{"line":40,"column":2},"end":{"line":43,"column":3}},{"start":{"line":40,"column":2},"end":{"line":43,"column":3}}],"line":40},"5":{"loc":{"start":{"line":63,"column":6},"end":{"line":90,"column":7}},"type":"if","locations":[{"start":{"line":63,"column":6},"end":{"line":90,"column":7}},{"start":{"line":63,"column":6},"end":{"line":90,"column":7}}],"line":63},"6":{"loc":{"start":{"line":63,"column":10},"end":{"line":63,"column":49}},"type":"binary-expr","locations":[{"start":{"line":63,"column":10},"end":{"line":63,"column":28}},{"start":{"line":63,"column":32},"end":{"line":63,"column":49}}],"line":63},"7":{"loc":{"start":{"line":65,"column":8},"end":{"line":88,"column":9}},"type":"if","locations":[{"start":{"line":65,"column":8},"end":{"line":88,"column":9}},{"start":{"line":65,"column":8},"end":{"line":88,"column":9}}],"line":65}},"s":{"0":29,"1":4,"2":3,"3":3,"4":3,"5":3,"6":3,"7":3,"8":1,"9":4,"10":4,"11":4,"12":4,"13":3,"14":1,"15":0,"16":10,"17":6,"18":6,"19":4,"20":4,"21":4,"22":4,"23":0,"24":1,"25":1,"26":1,"27":1,"28":4,"29":4,"30":7,"31":7,"32":7,"33":5,"34":2,"35":3,"36":5},"f":{"0":29,"1":4,"2":4,"3":10,"4":4,"5":1,"6":4,"7":7},"b":{"0":[3,1],"1":[4,0],"2":[3,1],"3":[6,4],"4":[4,0],"5":[5,2],"6":[7,7],"7":[2,3]},"_coverageSchema":"1a1c01bbd47fc00a2c39e90264f33305004495a9","hash":"cb8f7e2b00f0dea675f73eaf8d69c0928d6ad031"}
}
