TN:
SF:app.js
FN:27,(anonymous_0)
FN:56,(anonymous_1)
FN:65,(anonymous_2)
FN:71,(anonymous_3)
FNF:4
FNH:0
FNDA:0,(anonymous_0)
FNDA:0,(anonymous_1)
FNDA:0,(anonymous_2)
FNDA:0,(anonymous_3)
DA:18,4
DA:21,4
DA:22,0
DA:23,0
DA:24,0
DA:26,0
DA:27,0
DA:29,0
DA:33,4
DA:36,4
DA:40,4
DA:41,4
DA:42,4
DA:43,4
DA:44,4
DA:45,4
DA:47,4
DA:49,4
DA:50,4
DA:51,4
DA:52,4
DA:53,4
DA:55,4
DA:56,0
DA:57,0
DA:65,4
DA:66,0
DA:71,4
DA:73,0
DA:74,0
DA:76,0
DA:78,0
DA:79,0
LF:33
LH:19
BRDA:21,0,0,0
BRDA:21,0,1,4
BRDA:55,1,0,0
BRDA:55,1,1,4
BRDA:74,2,0,0
BRDA:74,2,1,0
BRDA:78,3,0,0
BRDA:78,3,1,0
BRF:8
BRH:2
end_of_record
TN:
SF:dirname.cjs
FNF:0
FNH:0
DA:1,4
LF:1
LH:1
BRF:0
BRH:0
end_of_record
TN:
SF:middleware/approvedUser.js
FN:1,(anonymous_0)
FNF:1
FNH:0
FNDA:0,(anonymous_0)
DA:2,0
DA:3,0
DA:5,0
LF:3
LH:0
BRDA:2,0,0,0
BRDA:2,0,1,0
BRF:2
BRH:0
end_of_record
TN:
SF:middleware/jwtCheck.js
FN:3,(anonymous_0)
FN:10,(anonymous_1)
FNF:2
FNH:2
FNDA:1,(anonymous_0)
FNDA:1,(anonymous_1)
DA:3,3
DA:4,1
DA:5,1
DA:7,0
DA:11,1
DA:12,1
DA:13,1
DA:14,1
DA:16,0
DA:19,1
LF:10
LH:8
BRDA:4,0,0,1
BRDA:4,0,1,0
BRDA:4,1,0,1
BRDA:4,1,1,1
BRF:4
BRH:3
end_of_record
TN:
SF:model/mealPlan.js
FN:5,mealPlanValidator
FNF:1
FNH:1
FNDA:9,mealPlanValidator
DA:3,5
DA:6,9
DA:9,5
DA:20,5
LF:4
LH:4
BRF:0
BRH:0
end_of_record
TN:
SF:model/position.js
FN:5,optionDataRequired
FN:9,callPutValidation
FN:71,validation
FNF:3
FNH:3
FNDA:28,optionDataRequired
FNDA:14,callPutValidation
FNDA:14,validation
DA:3,2
DA:6,28
DA:10,14
DA:11,7
DA:12,0
DA:13,7
DA:14,0
DA:16,7
DA:18,7
DA:21,2
DA:71,14
DA:77,2
LF:12
LH:10
BRDA:10,0,0,7
BRDA:10,0,1,7
BRDA:11,1,0,0
BRDA:11,1,1,7
BRDA:13,2,0,0
BRDA:13,2,1,7
BRF:6
BRH:4
end_of_record
TN:
SF:model/powerlifting.js
FNF:0
FNH:0
DA:3,4
DA:5,4
DA:9,4
LF:3
LH:3
BRF:0
BRH:0
end_of_record
TN:
SF:model/recipe.js
FNF:0
FNH:0
DA:3,5
DA:5,5
DA:18,5
LF:3
LH:3
BRF:0
BRH:0
end_of_record
TN:
SF:model/user.js
FNF:0
FNH:0
DA:3,4
DA:5,4
DA:16,4
LF:3
LH:3
BRF:0
BRH:0
end_of_record
TN:
SF:routes/auth.js
FN:10,(anonymous_0)
FN:24,(anonymous_1)
FN:41,(anonymous_2)
FNF:3
FNH:1
FNDA:0,(anonymous_0)
FNDA:1,(anonymous_1)
FNDA:0,(anonymous_2)
DA:8,4
DA:10,4
DA:11,0
DA:18,0
DA:19,0
DA:21,0
DA:24,4
DA:25,1
DA:27,1
DA:34,1
DA:35,1
DA:41,4
DA:42,0
DA:43,0
DA:44,0
DA:45,0
DA:46,0
DA:49,0
DA:50,0
DA:51,0
DA:52,0
DA:55,0
DA:56,0
DA:63,0
LF:24
LH:8
BRDA:44,0,0,0
BRDA:44,0,1,0
BRDA:50,1,0,0
BRDA:50,1,1,0
BRF:4
BRH:0
end_of_record
TN:
SF:routes/index.js
FN:15,(anonymous_0)
FNF:1
FNH:0
FNDA:0,(anonymous_0)
DA:12,4
DA:15,4
DA:16,0
LF:3
LH:2
BRF:0
BRH:0
end_of_record
TN:
SF:routes/restfulRouter.js
FN:6,restfulRouter
FN:12,(anonymous_1)
FN:13,(anonymous_2)
FN:21,(anonymous_3)
FN:23,(anonymous_4)
FN:35,(anonymous_5)
FN:38,(anonymous_6)
FN:47,(anonymous_7)
FN:49,(anonymous_8)
FN:56,(anonymous_9)
FN:57,(anonymous_10)
FNF:11
FNH:11
FNDA:12,restfulRouter
FNDA:2,(anonymous_1)
FNDA:2,(anonymous_2)
FNDA:10,(anonymous_3)
FNDA:10,(anonymous_4)
FNDA:2,(anonymous_5)
FNDA:2,(anonymous_6)
FNDA:2,(anonymous_7)
FNDA:2,(anonymous_8)
FNDA:2,(anonymous_9)
FNDA:2,(anonymous_10)
DA:7,12
DA:12,12
DA:13,2
DA:14,2
DA:15,2
DA:16,2
DA:17,2
DA:21,12
DA:22,10
DA:23,10
DA:24,10
DA:25,10
DA:26,10
DA:27,2
DA:28,2
DA:30,8
DA:31,8
DA:35,12
DA:36,2
DA:37,2
DA:38,2
DA:39,2
DA:41,2
DA:42,2
DA:43,2
DA:47,12
DA:48,2
DA:49,2
DA:50,2
DA:51,2
DA:52,2
DA:56,12
DA:57,2
DA:58,2
DA:59,2
DA:60,2
DA:64,12
LF:37
LH:37
BRDA:14,0,0,0
BRDA:14,0,1,2
BRDA:24,1,0,0
BRDA:24,1,1,10
BRDA:26,2,0,2
BRDA:26,2,1,8
BRDA:39,3,0,0
BRDA:39,3,1,2
BRDA:50,4,0,0
BRDA:50,4,1,2
BRDA:58,5,0,0
BRDA:58,5,1,2
BRF:12
BRH:7
end_of_record
TN:
SF:routes/td_api_helpers/startPositions.js
FN:5,isOptionTicker
FN:9,parseOptionDate
FN:21,parseCallPut
FN:31,parseOptionTicker
FN:39,parseStrikePrice
FN:47,startPositions
FN:52,(anonymous_6)
FN:55,(anonymous_7)
FNF:8
FNH:8
FNDA:29,isOptionTicker
FNDA:4,parseOptionDate
FNDA:4,parseCallPut
FNDA:10,parseOptionTicker
FNDA:4,parseStrikePrice
FNDA:1,startPositions
FNDA:4,(anonymous_6)
FNDA:7,(anonymous_7)
DA:6,29
DA:10,4
DA:11,3
DA:12,3
DA:13,3
DA:14,3
DA:15,3
DA:16,3
DA:18,1
DA:22,4
DA:23,4
DA:24,4
DA:25,4
DA:26,1
DA:28,0
DA:32,10
DA:33,6
DA:34,6
DA:36,4
DA:40,4
DA:41,4
DA:42,4
DA:44,0
DA:48,1
DA:49,1
DA:51,1
DA:52,1
DA:53,4
DA:55,4
DA:56,7
DA:62,7
DA:63,7
DA:65,5
DA:66,2
DA:79,3
DA:89,5
LF:36
LH:34
BRDA:10,0,0,3
BRDA:10,0,1,1
BRDA:22,1,0,4
BRDA:22,1,1,0
BRDA:25,2,0,3
BRDA:25,2,1,1
BRDA:32,3,0,6
BRDA:32,3,1,4
BRDA:40,4,0,4
BRDA:40,4,1,0
BRDA:63,5,0,5
BRDA:63,5,1,2
BRDA:63,6,0,7
BRDA:63,6,1,7
BRDA:65,7,0,2
BRDA:65,7,1,3
BRF:16
BRH:14
end_of_record
